<?xml version="1.0" encoding="UTF-8"?>
<testng-results total="4" passed="4" failed="0" skipped="0">
  <reporter-output>
  </reporter-output>
  <suite started-at="2020-05-10T18:14:24Z" name="Default suite" finished-at="2020-05-10T18:14:57Z" duration-ms="32959">
    <groups>
    </groups>
    <test started-at="2020-05-10T18:14:24Z" name="Default test" finished-at="2020-05-10T18:14:57Z" duration-ms="32959">
      <class name="com.training.sanity.tests.ELTC011_TeacherChangePassword">
        <test-method is-config="true" signature="setUpBeforeClass()[pri:0, instance:com.training.sanity.tests.ELTC011_TeacherChangePassword@2c34f934]" started-at="2020-05-10T23:44:24Z" name="setUpBeforeClass" finished-at="2020-05-10T23:44:24Z" duration-ms="7" status="PASS">
          <reporter-output>
          </reporter-output>
        </test-method> <!-- setUpBeforeClass -->
        <test-method is-config="true" signature="setUp()[pri:0, instance:com.training.sanity.tests.ELTC011_TeacherChangePassword@2c34f934]" started-at="2020-05-10T23:44:24Z" name="setUp" finished-at="2020-05-10T23:44:36Z" duration-ms="11997" status="PASS">
          <reporter-output>
          </reporter-output>
        </test-method> <!-- setUp -->
        <test-method signature="validLoginTest()[pri:0, instance:com.training.sanity.tests.ELTC011_TeacherChangePassword@2c34f934]" started-at="2020-05-10T23:44:36Z" name="validLoginTest" finished-at="2020-05-10T23:44:46Z" duration-ms="10203" status="PASS">
          <reporter-output>
          </reporter-output>
        </test-method> <!-- validLoginTest -->
        <test-method signature="Coursecatalog()[pri:0, instance:com.training.sanity.tests.ELTC011_TeacherChangePassword@2c34f934]" started-at="2020-05-10T23:44:46Z" name="Coursecatalog" finished-at="2020-05-10T23:44:49Z" duration-ms="2893" status="PASS">
          <reporter-output>
          </reporter-output>
        </test-method> <!-- Coursecatalog -->
        <test-method signature="Changepassword()[pri:0, instance:com.training.sanity.tests.ELTC011_TeacherChangePassword@2c34f934]" started-at="2020-05-10T23:44:49Z" name="Changepassword" finished-at="2020-05-10T23:44:56Z" duration-ms="7307" status="PASS">
          <reporter-output>
          </reporter-output>
        </test-method> <!-- Changepassword -->
        <test-method signature="Profilesave()[pri:0, instance:com.training.sanity.tests.ELTC011_TeacherChangePassword@2c34f934]" started-at="2020-05-10T23:44:56Z" name="Profilesave" finished-at="2020-05-10T23:44:57Z" duration-ms="511" status="PASS">
          <reporter-output>
          </reporter-output>
        </test-method> <!-- Profilesave -->
      </class> <!-- com.training.sanity.tests.ELTC011_TeacherChangePassword -->
    </test> <!-- Default test -->
  </suite> <!-- Default suite -->
</testng-results>
